[20:25:25.540] [INFO] [36mInitializing Storybook[39m
[20:25:25.652] [DEBUG] Getting package.json info for /Users/rahuldarekar/untitled folder/MCP Test/package.json...
[20:25:25.653] [DEBUG] Getting CLI versions from NPM for storybook...
[20:25:25.653] [DEBUG] Executing command: npm info storybook version
[20:25:26.513] [INFO] Adding Storybook version 10.1.11 to your project
[20:25:26.516] [DEBUG] Project type detected: react
[20:25:38.027] [PROMPT] We found a .storybook config directory in your project.
We assume that Storybook is already instantiated for your project. Do you still want to continue and force the initialization? {"choice":true}
[20:25:38.028] [DEBUG] Using cached package.json for /Users/rahuldarekar/untitled folder/MCP Test/package.json...
[20:25:38.032] [DEBUG] Using cached package.json for /Users/rahuldarekar/untitled folder/MCP Test/package.json...
[20:25:38.032] [INFO] Framework detected: react-vite
[20:25:38.034] [DEBUG] Getting installed version for vitest...
[20:25:38.034] [DEBUG] Executing command: npm ls --json --depth=99 2>/dev/null
[20:25:38.474] [DEBUG] Executing command: npm ls --json --depth=0 2>/dev/null
[20:25:38.767] [DEBUG] An issue occurred while trying to find dependencies metadata using npm: Error: Command failed with exit code 1: npm ls --json --depth=0 2>/dev/null
{
  "version": "0.1.0",
  "name": "pml-ds25-components"
}
[20:25:38.767] [DEBUG] Getting installed version for msw...
[20:25:38.767] [DEBUG] Executing command: npm ls --json --depth=99 2>/dev/null
[20:25:39.093] [DEBUG] Executing command: npm ls --json --depth=0 2>/dev/null
[20:25:39.395] [DEBUG] An issue occurred while trying to find dependencies metadata using npm: Error: Command failed with exit code 1: npm ls --json --depth=0 2>/dev/null
{
  "version": "0.1.0",
  "name": "pml-ds25-components"
}
[20:26:36.308] [PROMPT] New to Storybook? {"choice":true}
[20:26:37.327] [INFO] base-generator-task-start: Generating Storybook configuration
[20:26:37.327] [DEBUG] Using cached package.json for /Users/rahuldarekar/untitled folder/MCP Test/package.json...
[20:26:37.327] [DEBUG] Using cached package.json for /Users/rahuldarekar/untitled folder/MCP Test/package.json...
[20:26:37.327] [DEBUG] Using cached package.json for /Users/rahuldarekar/untitled folder/MCP Test/package.json...
[20:26:37.329] [INFO] base-generator-task: - Configuring main.ts
[20:26:37.330] [INFO] base-generator-task: - Configuring preview.ts
[20:26:37.331] [INFO] base-generator-task: - Adding Storybook command to package.json
[20:26:37.331] [DEBUG] Getting package.json info for /Users/rahuldarekar/untitled folder/MCP Test/package.json...
[20:26:37.331] [DEBUG] Using cached package.json for /Users/rahuldarekar/untitled folder/MCP Test/package.json...
[20:26:37.332] [INFO] base-generator-task: - Copying framework templates
[20:26:37.370] [DEBUG] Executing command: npm config get registry -ws=false -iwr
[20:26:38.060] [INFO] base-generator-task-success: Storybook configuration generated
[20:26:38.060] [DEBUG] Using cached package.json for /Users/rahuldarekar/untitled folder/MCP Test/package.json...
[20:26:38.060] [DEBUG] Using cached installed version for vitest...
[20:26:38.061] [DEBUG] Getting installed version for @vitest/coverage-v8...
[20:26:38.061] [DEBUG] Executing command: npm ls --json --depth=99 2>/dev/null
[20:26:38.901] [DEBUG] Executing command: npm ls --json --depth=0 2>/dev/null
[20:26:39.297] [DEBUG] An issue occurred while trying to find dependencies metadata using npm: Error: Command failed with exit code 1: npm ls --json --depth=0 2>/dev/null
{
  "version": "0.1.0",
  "name": "pml-ds25-components"
}
[20:26:39.297] [DEBUG] Getting installed version for @vitest/coverage-istanbul...
[20:26:39.297] [DEBUG] Executing command: npm ls --json --depth=99 2>/dev/null
[20:26:39.663] [DEBUG] Executing command: npm ls --json --depth=0 2>/dev/null
[20:26:40.026] [DEBUG] An issue occurred while trying to find dependencies metadata using npm: Error: Command failed with exit code 1: npm ls --json --depth=0 2>/dev/null
{
  "version": "0.1.0",
  "name": "pml-ds25-components"
}
[20:26:40.026] [INFO] adding-dependencies-task-start: Adding dependencies to package.json
[20:26:40.026] [INFO] adding-dependencies-task: Adding devDependencies:
- @vitest/coverage-v8@^1.1.0
[20:26:40.026] [DEBUG] Using cached package.json for /Users/rahuldarekar/untitled folder/MCP Test/package.json...
[20:26:40.026] [DEBUG] Getting CLI versions from NPM for @vitest/coverage-v8...
[20:26:40.026] [DEBUG] Executing command: npm info @vitest/coverage-v8 version
[20:26:41.647] [INFO] adding-dependencies-task-success: Dependencies added to package.json
[20:26:41.647] [INFO] Installing dependencies...
[20:26:41.647] [INFO] install-dependencies-spinner-start: Installing dependencies...
[20:26:41.648] [DEBUG] Executing command: npm install
[20:26:48.523] [ERROR] Installation of dependencies failed! {"error":"Error: Command failed with exit code 1: npm install\nnpm error code ERESOLVE\nnpm error ERESOLVE could not resolve\nnpm error\nnpm error While resolving: @storybook/addon-vitest@10.1.11\nnpm error Found: @vitest/browser@1.6.1\nnpm error node_modules/@vitest/browser\nnpm error   dev @vitest/browser@\"^1.1.0\" from the root project\nnpm error   peerOptional @vitest/browser@\"1.6.1\" from vitest@1.6.1\nnpm error   node_modules/vitest\nnpm error     dev vitest@\"^1.1.0\" from the root project\nnpm error     peer vitest@\"1.6.1\" from @vitest/browser@1.6.1\nnpm error     1 more (@vitest/coverage-v8)\nnpm error\nnpm error Could not resolve dependency:\nnpm error peerOptional @vitest/browser@\"^3.0.0 || ^4.0.0\" from @storybook/addon-vitest@10.1.11\nnpm error node_modules/@storybook/addon-vitest\nnpm error   dev @storybook/addon-vitest@\"^10.1.11\" from the root project\nnpm error\nnpm error Conflicting peer dependency: @vitest/browser@4.0.17\nnpm error node_modules/@vitest/browser\nnpm error   peerOptional @vitest/browser@\"^3.0.0 || ^4.0.0\" from @storybook/addon-vitest@10.1.11\nnpm error   node_modules/@storybook/addon-vitest\nnpm error     dev @storybook/addon-vitest@\"^10.1.11\" from the root project\nnpm error\nnpm error Fix the upstream dependency conflict, or retry\nnpm error this command with --force or --legacy-peer-deps\nnpm error to accept an incorrect (and potentially broken) dependency resolution.\nnpm error\nnpm error\nnpm error For a full report see:\nnpm error /Users/rahuldarekar/.npm/_logs/2026-01-17T14_56_41_735Z-eresolve-report.txt\nnpm error A complete log of this run can be found in: /Users/rahuldarekar/.npm/_logs/2026-01-17T14_56_41_735Z-debug-0.log\n    at makeError (file:///Users/rahuldarekar/.npm/_npx/05823ecb1a3a987d/node_modules/storybook/dist/_node-chunks/chunk-Q4DOC7HF.js:12912:95)\n    at file:///Users/rahuldarekar/.npm/_npx/05823ecb1a3a987d/node_modules/storybook/dist/_node-chunks/chunk-Q4DOC7HF.js:13486:27\n    at process.processTicksAndRejections (node:internal/process/task_queues:105:5)\n    at async Object.executeTaskWithSpinner (file:///Users/rahuldarekar/.npm/_npx/05823ecb1a3a987d/node_modules/storybook/dist/_node-chunks/chunk-GRQFL3SI.js:3701:11)\n    at async NPMProxy.installDependencies (file:///Users/rahuldarekar/.npm/_npx/05823ecb1a3a987d/node_modules/storybook/dist/_node-chunks/chunk-Q4DOC7HF.js:11259:5)\n    at async DependencyInstallationCommand.execute (file:///Users/rahuldarekar/.npm/_npx/05823ecb1a3a987d/node_modules/create-storybook/dist/_node-chunks/chunk-C75MJVFW.js:1511:9)\n    at async doInitiate (file:///Users/rahuldarekar/.npm/_npx/05823ecb1a3a987d/node_modules/create-storybook/dist/_node-chunks/chunk-C75MJVFW.js:2287:38)\n    at async file:///Users/rahuldarekar/.npm/_npx/05823ecb1a3a987d/node_modules/create-storybook/dist/_node-chunks/chunk-C75MJVFW.js:2322:20\n    at async withTelemetry (file:///Users/rahuldarekar/.npm/_npx/05823ecb1a3a987d/node_modules/storybook/dist/_node-chunks/chunk-2372JZ52.js:209:12)\n    at async initiate (file:///Users/rahuldarekar/.npm/_npx/05823ecb1a3a987d/node_modules/create-storybook/dist/_node-chunks/chunk-C75MJVFW.js:2315:24)"}
[20:26:48.523] [ERROR] install-dependencies-spinner-error: [31mInstallation of dependencies failed![39m
[20:26:48.524] [WARN] The following addons couldn't be configured:

- @storybook/addon-vitest: https://storybook.js.org/docs/writing-tests/integrations/vitest-addon#manual-setup

Please follow each addon's configuration instructions manually.
[20:26:48.525] [WARN] Storybook setup completed, but some non-blocking errors occurred. Please check the log file below for details.
[20:26:48.525] [INFO] To run Storybook manually, run [36mnpm run storybook[39m. CTRL+C to stop.
[20:26:48.526] [INFO] Wanna know more about Storybook? Check out [36mhttps://storybook.js.org/[39m
Having trouble or want to chat? Join us at [36mhttps://discord.gg/storybook/[39m